[debug] [2022-08-25T17:23:19.212Z] ----------------------------------------------------------------------
[debug] [2022-08-25T17:23:19.216Z] Command:       C:\Program Files\nodejs\node.exe C:\Users\hp\AppData\Roaming\npm\node_modules\firebase-tools\lib\bin\firebase.js init
[debug] [2022-08-25T17:23:19.216Z] CLI Version:   11.8.0
[debug] [2022-08-25T17:23:19.217Z] Platform:      win32
[debug] [2022-08-25T17:23:19.217Z] Node Version:  v17.2.0
[debug] [2022-08-25T17:23:19.238Z] Time:          Thu Aug 25 2022 20:23:19 GMT+0300 (توقيت شرق أوروبا الصيفي)
[debug] [2022-08-25T17:23:19.239Z] ----------------------------------------------------------------------
[debug] 
[debug] [2022-08-25T17:23:19.374Z] > command requires scopes: ["email","openid","https://www.googleapis.com/auth/cloudplatformprojects.readonly","https://www.googleapis.com/auth/firebase","https://www.googleapis.com/auth/cloud-platform"]
[debug] [2022-08-25T17:23:19.375Z] > authorizing via signed-in user (ahmed.ah4u@gmail.com)
[info] 
     ######## #### ########  ######## ########     ###     ######  ########
     ##        ##  ##     ## ##       ##     ##  ##   ##  ##       ##
     ######    ##  ########  ######   ########  #########  ######  ######
     ##        ##  ##    ##  ##       ##     ## ##     ##       ## ##
     ##       #### ##     ## ######## ########  ##     ##  ######  ########

You're about to initialize a Firebase project in this directory:

  F:\projects\REACT Chat\React-Chat

Before we get started, keep in mind:

  * You are initializing within an existing Firebase project directory

